Unity Editor version:    2021.3.1f1 (3b70a0754835)
Branch:                  2021.3/staging
Build type:              Release
Batch mode:              YES
macOS version:           Version 12.6.5 (Build 21G531)
Darwin version:          21.6.0
Architecture:            arm64
Running under Rosetta:   NO
Available memory:        16384 MB
Using pre-set license
Pro License: YES

COMMAND LINE ARGUMENTS:
/Applications/Unity/Hub/Editor/2021.3.1f1/Unity.app/Contents/MacOS/Unity
-adb2
-batchMode
-noUpm
-name
AssetImportWorker0
-projectPath
/Users/phoenixperry/wkspaces/bot_party_unity_game
-logFile
Logs/AssetImportWorker0.log
-srvPort
51682
Successfully changed project path to: /Users/phoenixperry/wkspaces/bot_party_unity_game
/Users/phoenixperry/wkspaces/bot_party_unity_game
[UnityMemory] Configuration Parameters - Can be set up in boot.config
    "memorysetup-bucket-allocator-granularity=16"
    "memorysetup-bucket-allocator-bucket-count=8"
    "memorysetup-bucket-allocator-block-size=33554432"
    "memorysetup-bucket-allocator-block-count=8"
    "memorysetup-main-allocator-block-size=16777216"
    "memorysetup-thread-allocator-block-size=16777216"
    "memorysetup-gfx-main-allocator-block-size=16777216"
    "memorysetup-gfx-thread-allocator-block-size=16777216"
    "memorysetup-cache-allocator-block-size=4194304"
    "memorysetup-typetree-allocator-block-size=2097152"
    "memorysetup-profiler-bucket-allocator-granularity=16"
    "memorysetup-profiler-bucket-allocator-bucket-count=8"
    "memorysetup-profiler-bucket-allocator-block-size=33554432"
    "memorysetup-profiler-bucket-allocator-block-count=8"
    "memorysetup-profiler-allocator-block-size=16777216"
    "memorysetup-profiler-editor-allocator-block-size=1048576"
    "memorysetup-temp-allocator-size-main=16777216"
    "memorysetup-job-temp-allocator-block-size=2097152"
    "memorysetup-job-temp-allocator-block-size-background=1048576"
    "memorysetup-job-temp-allocator-reduction-small-platforms=262144"
    "memorysetup-temp-allocator-size-background-worker=32768"
    "memorysetup-temp-allocator-size-job-worker=262144"
    "memorysetup-temp-allocator-size-preload-manager=33554432"
    "memorysetup-temp-allocator-size-nav-mesh-worker=65536"
    "memorysetup-temp-allocator-size-audio-worker=65536"
    "memorysetup-temp-allocator-size-cloud-worker=32768"
    "memorysetup-temp-allocator-size-gi-baking-worker=262144"
    "memorysetup-temp-allocator-size-gfx=262144"
Refreshing native plugins compatible for Editor in 70.93 ms, found 3 plugins.
Plugins: Couldn't open Assets/AudioHelm/Plugins/AudioPluginHelm.bundle/Contents/MacOS/AudioPluginHelm, error: dlopen(Assets/AudioHelm/Plugins/AudioPluginHelm.bundle/Contents/MacOS/AudioPluginHelm, 0x0002): tried: '/Applications/Unity/Hub/Editor/2021.3.1f1/Unity.app/Contents/MacOS/../Frameworks/Assets/AudioHelm/Plugins/AudioPluginHelm.bundle/Contents/MacOS/AudioPluginHelm' (no such file), '/Applications/Unity/Hub/Editor/2021.3.1f1/Unity.app/Contents/MacOS/../Frameworks/Assets/AudioHelm/Plugins/AudioPluginHelm.bundle/Contents/MacOS/AudioPluginHelm' (no such file), 'Assets/AudioHelm/Plugins/AudioPluginHelm.bundle/Contents/MacOS/AudioPluginHelm' (mach-o file, but is an incompatible architecture (have (x86_64), need (arm64e))), '/Users/phoenixperry/wkspaces/bot_party_unity_game/Assets/AudioHelm/Plugins/AudioPluginHelm.bundle/Contents/MacOS/AudioPluginHelm' (mach-o file, but is an incompatible architecture (have (x86_64), need (arm64e)))
Preloading 1 native plugins for Editor in 0.36 ms.
Initialize engine version: 2021.3.1f1 (3b70a0754835)
[Subsystems] Discovering subsystems at path /Applications/Unity/Hub/Editor/2021.3.1f1/Unity.app/Contents/Resources/UnitySubsystems
[Subsystems] Discovering subsystems at path /Users/phoenixperry/wkspaces/bot_party_unity_game/Assets
GfxDevice: creating device client; threaded=0; jobified=0
 preferred device: Apple M1 Pro (high power)
Metal devices available: 1
0: Apple M1 Pro (high power)
Using device Apple M1 Pro (high power)
Initializing Metal device caps: Apple M1 Pro
Initialize mono
Mono path[0] = '/Applications/Unity/Hub/Editor/2021.3.1f1/Unity.app/Contents/Managed'
Mono path[1] = '/Applications/Unity/Hub/Editor/2021.3.1f1/Unity.app/Contents/MonoBleedingEdge/lib/mono/unityjit-macos'
Mono config path = '/Applications/Unity/Hub/Editor/2021.3.1f1/Unity.app/Contents/MonoBleedingEdge/etc'
Using monoOptions --debugger-agent=transport=dt_socket,embedding=1,server=y,suspend=n,address=127.0.0.1:56378
Begin MonoManager ReloadAssembly
Registering precompiled unity dll's ...
Register platform support module: /Applications/Unity/Hub/Editor/2021.3.1f1/Unity.app/Contents/PlaybackEngines/MacStandaloneSupport/UnityEditor.OSXStandalone.Extensions.dll
Registered in 0.000410 seconds.
Native extension for OSXStandalone target not found
Refreshing native plugins compatible for Editor in 73.35 ms, found 3 plugins.
Plugins: Couldn't open /Users/phoenixperry/wkspaces/bot_party_unity_game/Assets/AudioHelm/Plugins/AudioPluginHelm.bundle/Contents/MacOS/AudioPluginHelm, error: dlopen(/Users/phoenixperry/wkspaces/bot_party_unity_game/Assets/AudioHelm/Plugins/AudioPluginHelm.bundle/Contents/MacOS/AudioPluginHelm, 0x0002): tried: '/Users/phoenixperry/wkspaces/bot_party_unity_game/Assets/AudioHelm/Plugins/AudioPluginHelm.bundle/Contents/MacOS/AudioPluginHelm' (mach-o file, but is an incompatible architecture (have (x86_64), need (arm64e)))
Preloading 1 native plugins for Editor in 0.23 ms.
Mono: successfully reloaded assembly
- Completed reload, in  0.482 seconds
Domain Reload Profiling:
	ReloadAssembly (483ms)
		BeginReloadAssembly (53ms)
			ExecutionOrderSort (0ms)
			DisableScriptedObjects (0ms)
			BackupInstance (0ms)
			ReleaseScriptingObjects (0ms)
			CreateAndSetChildDomain (0ms)
		EndReloadAssembly (345ms)
			LoadAssemblies (53ms)
			RebuildTransferFunctionScriptingTraits (0ms)
			SetupTypeCache (89ms)
			ReleaseScriptCaches (0ms)
			RebuildScriptCaches (25ms)
			SetupLoadedEditorAssemblies (199ms)
				LogAssemblyErrors (0ms)
				InitializePlatformSupportModulesInManaged (4ms)
				SetLoadedEditorAssemblies (0ms)
				RefreshPlugins (74ms)
				BeforeProcessingInitializeOnLoad (1ms)
				ProcessInitializeOnLoadAttributes (90ms)
				ProcessInitializeOnLoadMethodAttributes (30ms)
				AfterProcessingInitializeOnLoad (0ms)
				EditorAssembliesLoaded (0ms)
			ExecutionOrderSort2 (0ms)
			AwakeInstancesAfterBackupRestoration (0ms)
Platform modules already initialized, skipping
Registering precompiled user dll's ...
Registered in 0.001217 seconds.
Begin MonoManager ReloadAssembly
Symbol file LoadedFromMemory doesn't match image /Users/phoenixperry/wkspaces/bot_party_unity_game/Library/PackageCache/com.unity.visualscripting@1.7.6/Editor/VisualScripting.Core/Dependencies/DotNetZip/Unity.VisualScripting.IonicZip.dll
Symbol file LoadedFromMemory doesn't match image /Users/phoenixperry/wkspaces/bot_party_unity_game/Library/PackageCache/com.unity.visualscripting@1.7.6/Editor/VisualScripting.Core/Dependencies/YamlDotNet/Unity.VisualScripting.YamlDotNet.dll
Symbol file LoadedFromMemory is not a mono symbol file
Native extension for OSXStandalone target not found
Refreshing native plugins compatible for Editor in 0.57 ms, found 3 plugins.
Plugins: Couldn't open /Users/phoenixperry/wkspaces/bot_party_unity_game/Assets/AudioHelm/Plugins/AudioPluginHelm.bundle/Contents/MacOS/AudioPluginHelm, error: dlopen(/Users/phoenixperry/wkspaces/bot_party_unity_game/Assets/AudioHelm/Plugins/AudioPluginHelm.bundle/Contents/MacOS/AudioPluginHelm, 0x0002): tried: '/Users/phoenixperry/wkspaces/bot_party_unity_game/Assets/AudioHelm/Plugins/AudioPluginHelm.bundle/Contents/MacOS/AudioPluginHelm' (mach-o file, but is an incompatible architecture (have (x86_64), need (arm64e)))
Preloading 1 native plugins for Editor in 0.21 ms.
Package Manager log level set to [2]
Mono: successfully reloaded assembly
- Completed reload, in  0.779 seconds
Domain Reload Profiling:
	ReloadAssembly (779ms)
		BeginReloadAssembly (65ms)
			ExecutionOrderSort (0ms)
			DisableScriptedObjects (4ms)
			BackupInstance (0ms)
			ReleaseScriptingObjects (0ms)
			CreateAndSetChildDomain (19ms)
		EndReloadAssembly (639ms)
			LoadAssemblies (42ms)
			RebuildTransferFunctionScriptingTraits (0ms)
			SetupTypeCache (191ms)
			ReleaseScriptCaches (0ms)
			RebuildScriptCaches (52ms)
			SetupLoadedEditorAssemblies (318ms)
				LogAssemblyErrors (0ms)
				InitializePlatformSupportModulesInManaged (6ms)
				SetLoadedEditorAssemblies (0ms)
				RefreshPlugins (1ms)
				BeforeProcessingInitializeOnLoad (59ms)
				ProcessInitializeOnLoadAttributes (161ms)
				ProcessInitializeOnLoadMethodAttributes (90ms)
				AfterProcessingInitializeOnLoad (1ms)
				EditorAssembliesLoaded (0ms)
			ExecutionOrderSort2 (0ms)
			AwakeInstancesAfterBackupRestoration (2ms)
Platform modules already initialized, skipping
========================================================================
Worker process is ready to serve import requests
Launching external process: /Applications/Unity/Hub/Editor/2021.3.1f1/Unity.app/Contents/Tools/UnityShaderCompiler
Launched and connected shader compiler UnityShaderCompiler after 0.05 seconds
Refreshing native plugins compatible for Editor in 0.56 ms, found 3 plugins.
Plugins: Couldn't open /Users/phoenixperry/wkspaces/bot_party_unity_game/Assets/AudioHelm/Plugins/AudioPluginHelm.bundle/Contents/MacOS/AudioPluginHelm, error: dlopen(/Users/phoenixperry/wkspaces/bot_party_unity_game/Assets/AudioHelm/Plugins/AudioPluginHelm.bundle/Contents/MacOS/AudioPluginHelm, 0x0002): tried: '/Users/phoenixperry/wkspaces/bot_party_unity_game/Assets/AudioHelm/Plugins/AudioPluginHelm.bundle/Contents/MacOS/AudioPluginHelm' (mach-o file, but is an incompatible architecture (have (x86_64), need (arm64e)))
Preloading 1 native plugins for Editor in 0.21 ms.
Unloading 3842 Unused Serialized files (Serialized files now loaded: 0)
Unloading 71 unused Assets / (46.6 KB). Loaded Objects now: 4264.
Memory consumption went from 232.8 MB to 232.7 MB.
Total: 5.388083 ms (FindLiveObjects: 0.139083 ms CreateObjectMapping: 0.068125 ms MarkObjects: 5.081458 ms  DeleteObjects: 0.098541 ms)

AssetImportParameters requested are different than current active one (requested -> active):
  custom:video-decoder-ogg-theora: a1e56fd34408186e4bbccfd4996cb3dc -> 
  custom:container-muxer-webm: aa71ff27fc2769a1b78a27578f13a17b -> 
  custom:container-demuxer-webm: 4f35f7cbe854078d1ac9338744f61a02 -> 
  custom:video-encoder-webm-vp8: eb34c28f22e8b96e1ab97ce403110664 -> 
  custom:framework-osx-AVFoundation: e770b220cccbd017edd2c1fefb359320 -> 
  custom:audio-encoder-webm-vorbis: bf7c407c2cedff20999df2af8eb42d56 -> 
  custom:container-demuxer-ogg: 62fdf1f143b41e24485cea50d1cbac27 -> 
  custom:video-decoder-webm-vp8: 9c59270c3fd7afecdb556c50c9e8de78 -> 
  custom:audio-decoder-ogg-vorbis: bf7c407c2cedff20999df2af8eb42d56 -> 
========================================================================
Received Prepare
Registering precompiled user dll's ...
Registered in 0.001213 seconds.
Begin MonoManager ReloadAssembly
Thread 0x2950c7000 may have been prematurely finalized
Symbol file LoadedFromMemory doesn't match image /Users/phoenixperry/wkspaces/bot_party_unity_game/Library/PackageCache/com.unity.visualscripting@1.7.6/Editor/VisualScripting.Core/Dependencies/DotNetZip/Unity.VisualScripting.IonicZip.dll
Symbol file LoadedFromMemory doesn't match image /Users/phoenixperry/wkspaces/bot_party_unity_game/Library/PackageCache/com.unity.visualscripting@1.7.6/Editor/VisualScripting.Core/Dependencies/YamlDotNet/Unity.VisualScripting.YamlDotNet.dll
Symbol file LoadedFromMemory is not a mono symbol file
Native extension for OSXStandalone target not found
Refreshing native plugins compatible for Editor in 0.55 ms, found 3 plugins.
Plugins: Couldn't open /Users/phoenixperry/wkspaces/bot_party_unity_game/Assets/AudioHelm/Plugins/AudioPluginHelm.bundle/Contents/MacOS/AudioPluginHelm, error: dlopen(/Users/phoenixperry/wkspaces/bot_party_unity_game/Assets/AudioHelm/Plugins/AudioPluginHelm.bundle/Contents/MacOS/AudioPluginHelm, 0x0002): tried: '/Users/phoenixperry/wkspaces/bot_party_unity_game/Assets/AudioHelm/Plugins/AudioPluginHelm.bundle/Contents/MacOS/AudioPluginHelm' (mach-o file, but is an incompatible architecture (have (x86_64), need (arm64e)))
Preloading 1 native plugins for Editor in 0.21 ms.
Mono: successfully reloaded assembly
- Completed reload, in  0.781 seconds
Domain Reload Profiling:
	ReloadAssembly (782ms)
		BeginReloadAssembly (115ms)
			ExecutionOrderSort (0ms)
			DisableScriptedObjects (6ms)
			BackupInstance (0ms)
			ReleaseScriptingObjects (0ms)
			CreateAndSetChildDomain (58ms)
		EndReloadAssembly (592ms)
			LoadAssemblies (53ms)
			RebuildTransferFunctionScriptingTraits (0ms)
			SetupTypeCache (197ms)
			ReleaseScriptCaches (1ms)
			RebuildScriptCaches (38ms)
			SetupLoadedEditorAssemblies (270ms)
				LogAssemblyErrors (0ms)
				InitializePlatformSupportModulesInManaged (6ms)
				SetLoadedEditorAssemblies (0ms)
				RefreshPlugins (1ms)
				BeforeProcessingInitializeOnLoad (40ms)
				ProcessInitializeOnLoadAttributes (131ms)
				ProcessInitializeOnLoadMethodAttributes (91ms)
				AfterProcessingInitializeOnLoad (1ms)
				EditorAssembliesLoaded (0ms)
			ExecutionOrderSort2 (0ms)
			AwakeInstancesAfterBackupRestoration (3ms)
Platform modules already initialized, skipping
Refreshing native plugins compatible for Editor in 2.00 ms, found 3 plugins.
Plugins: Couldn't open /Users/phoenixperry/wkspaces/bot_party_unity_game/Assets/AudioHelm/Plugins/AudioPluginHelm.bundle/Contents/MacOS/AudioPluginHelm, error: dlopen(/Users/phoenixperry/wkspaces/bot_party_unity_game/Assets/AudioHelm/Plugins/AudioPluginHelm.bundle/Contents/MacOS/AudioPluginHelm, 0x0002): tried: '/Users/phoenixperry/wkspaces/bot_party_unity_game/Assets/AudioHelm/Plugins/AudioPluginHelm.bundle/Contents/MacOS/AudioPluginHelm' (mach-o file, but is an incompatible architecture (have (x86_64), need (arm64e)))
Preloading 1 native plugins for Editor in 0.42 ms.
Unloading 3835 Unused Serialized files (Serialized files now loaded: 0)
Unloading 61 unused Assets / (23.0 KB). Loaded Objects now: 4267.
Memory consumption went from 232.3 MB to 232.3 MB.
Total: 5.448875 ms (FindLiveObjects: 0.196791 ms CreateObjectMapping: 0.050334 ms MarkObjects: 5.162291 ms  DeleteObjects: 0.038583 ms)

AssetImportParameters requested are different than current active one (requested -> active):
  custom:video-decoder-ogg-theora: a1e56fd34408186e4bbccfd4996cb3dc -> 
  custom:container-muxer-webm: aa71ff27fc2769a1b78a27578f13a17b -> 
  custom:container-demuxer-webm: 4f35f7cbe854078d1ac9338744f61a02 -> 
  custom:video-encoder-webm-vp8: eb34c28f22e8b96e1ab97ce403110664 -> 
  custom:framework-osx-AVFoundation: e770b220cccbd017edd2c1fefb359320 -> 
  custom:audio-encoder-webm-vorbis: bf7c407c2cedff20999df2af8eb42d56 -> 
  custom:container-demuxer-ogg: 62fdf1f143b41e24485cea50d1cbac27 -> 
  custom:video-decoder-webm-vp8: 9c59270c3fd7afecdb556c50c9e8de78 -> 
  custom:audio-decoder-ogg-vorbis: bf7c407c2cedff20999df2af8eb42d56 -> 
========================================================================
Received Import Request.
  Time since last request: 14530.595604 seconds.
  path: Assets/scenes
  artifactKey: Guid(03079a04ebf01d14c9a5fe0b12a836e3) Importer(815301076,1909f56bfc062723c751e8b465ee728b)
Start importing Assets/scenes using Guid(03079a04ebf01d14c9a5fe0b12a836e3) Importer(815301076,1909f56bfc062723c751e8b465ee728b)  -> (artifact id: '62ceeabeb91d68703269de11ca0efd0b') in 0.038198 seconds 
========================================================================
Received Import Request.
  Time since last request: 9.358521 seconds.
  path: Assets/scenes/Menu.unity
  artifactKey: Guid(9dad543e82529324fb7ffa85a0e644c1) Importer(815301076,1909f56bfc062723c751e8b465ee728b)
Start importing Assets/scenes/Menu.unity using Guid(9dad543e82529324fb7ffa85a0e644c1) Importer(815301076,1909f56bfc062723c751e8b465ee728b)  -> (artifact id: '3cb6a9db41770dc5d7427f53dd7010eb') in 0.001119 seconds 
========================================================================
Received Prepare
Registering precompiled user dll's ...
Registered in 0.001168 seconds.
Begin MonoManager ReloadAssembly
Thread 0x16fa53000 may have been prematurely finalized
Symbol file LoadedFromMemory doesn't match image /Users/phoenixperry/wkspaces/bot_party_unity_game/Library/PackageCache/com.unity.visualscripting@1.7.6/Editor/VisualScripting.Core/Dependencies/DotNetZip/Unity.VisualScripting.IonicZip.dll
Symbol file LoadedFromMemory doesn't match image /Users/phoenixperry/wkspaces/bot_party_unity_game/Library/PackageCache/com.unity.visualscripting@1.7.6/Editor/VisualScripting.Core/Dependencies/YamlDotNet/Unity.VisualScripting.YamlDotNet.dll
Symbol file LoadedFromMemory is not a mono symbol file
Native extension for OSXStandalone target not found
Refreshing native plugins compatible for Editor in 0.54 ms, found 3 plugins.
Plugins: Couldn't open /Users/phoenixperry/wkspaces/bot_party_unity_game/Assets/AudioHelm/Plugins/AudioPluginHelm.bundle/Contents/MacOS/AudioPluginHelm, error: dlopen(/Users/phoenixperry/wkspaces/bot_party_unity_game/Assets/AudioHelm/Plugins/AudioPluginHelm.bundle/Contents/MacOS/AudioPluginHelm, 0x0002): tried: '/Users/phoenixperry/wkspaces/bot_party_unity_game/Assets/AudioHelm/Plugins/AudioPluginHelm.bundle/Contents/MacOS/AudioPluginHelm' (mach-o file, but is an incompatible architecture (have (x86_64), need (arm64e)))
Preloading 1 native plugins for Editor in 0.24 ms.
Mono: successfully reloaded assembly
- Completed reload, in  0.725 seconds
Domain Reload Profiling:
	ReloadAssembly (726ms)
		BeginReloadAssembly (107ms)
			ExecutionOrderSort (0ms)
			DisableScriptedObjects (6ms)
			BackupInstance (0ms)
			ReleaseScriptingObjects (0ms)
			CreateAndSetChildDomain (54ms)
		EndReloadAssembly (548ms)
			LoadAssemblies (39ms)
			RebuildTransferFunctionScriptingTraits (0ms)
			SetupTypeCache (183ms)
			ReleaseScriptCaches (1ms)
			RebuildScriptCaches (36ms)
			SetupLoadedEditorAssemblies (253ms)
				LogAssemblyErrors (0ms)
				InitializePlatformSupportModulesInManaged (5ms)
				SetLoadedEditorAssemblies (0ms)
				RefreshPlugins (1ms)
				BeforeProcessingInitializeOnLoad (40ms)
				ProcessInitializeOnLoadAttributes (121ms)
				ProcessInitializeOnLoadMethodAttributes (86ms)
				AfterProcessingInitializeOnLoad (1ms)
				EditorAssembliesLoaded (0ms)
			ExecutionOrderSort2 (0ms)
			AwakeInstancesAfterBackupRestoration (3ms)
Platform modules already initialized, skipping
Refreshing native plugins compatible for Editor in 1.84 ms, found 3 plugins.
Plugins: Couldn't open /Users/phoenixperry/wkspaces/bot_party_unity_game/Assets/AudioHelm/Plugins/AudioPluginHelm.bundle/Contents/MacOS/AudioPluginHelm, error: dlopen(/Users/phoenixperry/wkspaces/bot_party_unity_game/Assets/AudioHelm/Plugins/AudioPluginHelm.bundle/Contents/MacOS/AudioPluginHelm, 0x0002): tried: '/Users/phoenixperry/wkspaces/bot_party_unity_game/Assets/AudioHelm/Plugins/AudioPluginHelm.bundle/Contents/MacOS/AudioPluginHelm' (mach-o file, but is an incompatible architecture (have (x86_64), need (arm64e)))
Preloading 1 native plugins for Editor in 0.16 ms.
Unloading 3835 Unused Serialized files (Serialized files now loaded: 0)
Unloading 61 unused Assets / (23.0 KB). Loaded Objects now: 4270.
Memory consumption went from 232.7 MB to 232.7 MB.
Total: 4.792625 ms (FindLiveObjects: 0.128666 ms CreateObjectMapping: 0.047458 ms MarkObjects: 4.592375 ms  DeleteObjects: 0.023333 ms)

AssetImportParameters requested are different than current active one (requested -> active):
  custom:video-decoder-ogg-theora: a1e56fd34408186e4bbccfd4996cb3dc -> 
  custom:container-muxer-webm: aa71ff27fc2769a1b78a27578f13a17b -> 
  custom:container-demuxer-webm: 4f35f7cbe854078d1ac9338744f61a02 -> 
  custom:video-encoder-webm-vp8: eb34c28f22e8b96e1ab97ce403110664 -> 
  custom:framework-osx-AVFoundation: e770b220cccbd017edd2c1fefb359320 -> 
  custom:audio-encoder-webm-vorbis: bf7c407c2cedff20999df2af8eb42d56 -> 
  custom:container-demuxer-ogg: 62fdf1f143b41e24485cea50d1cbac27 -> 
  custom:video-decoder-webm-vp8: 9c59270c3fd7afecdb556c50c9e8de78 -> 
  custom:audio-decoder-ogg-vorbis: bf7c407c2cedff20999df2af8eb42d56 -> 
========================================================================
Received Prepare
Registering precompiled user dll's ...
Registered in 0.001061 seconds.
Begin MonoManager ReloadAssembly
Thread 0x16f337000 may have been prematurely finalized
Symbol file LoadedFromMemory doesn't match image /Users/phoenixperry/wkspaces/bot_party_unity_game/Library/PackageCache/com.unity.visualscripting@1.7.6/Editor/VisualScripting.Core/Dependencies/DotNetZip/Unity.VisualScripting.IonicZip.dll
Symbol file LoadedFromMemory doesn't match image /Users/phoenixperry/wkspaces/bot_party_unity_game/Library/PackageCache/com.unity.visualscripting@1.7.6/Editor/VisualScripting.Core/Dependencies/YamlDotNet/Unity.VisualScripting.YamlDotNet.dll
Symbol file LoadedFromMemory is not a mono symbol file
Native extension for OSXStandalone target not found
Refreshing native plugins compatible for Editor in 0.57 ms, found 3 plugins.
Plugins: Couldn't open /Users/phoenixperry/wkspaces/bot_party_unity_game/Assets/AudioHelm/Plugins/AudioPluginHelm.bundle/Contents/MacOS/AudioPluginHelm, error: dlopen(/Users/phoenixperry/wkspaces/bot_party_unity_game/Assets/AudioHelm/Plugins/AudioPluginHelm.bundle/Contents/MacOS/AudioPluginHelm, 0x0002): tried: '/Users/phoenixperry/wkspaces/bot_party_unity_game/Assets/AudioHelm/Plugins/AudioPluginHelm.bundle/Contents/MacOS/AudioPluginHelm' (mach-o file, but is an incompatible architecture (have (x86_64), need (arm64e)))
Preloading 1 native plugins for Editor in 0.26 ms.
Mono: successfully reloaded assembly
- Completed reload, in  0.690 seconds
Domain Reload Profiling:
	ReloadAssembly (691ms)
		BeginReloadAssembly (81ms)
			ExecutionOrderSort (0ms)
			DisableScriptedObjects (5ms)
			BackupInstance (0ms)
			ReleaseScriptingObjects (0ms)
			CreateAndSetChildDomain (32ms)
		EndReloadAssembly (540ms)
			LoadAssemblies (39ms)
			RebuildTransferFunctionScriptingTraits (0ms)
			SetupTypeCache (179ms)
			ReleaseScriptCaches (1ms)
			RebuildScriptCaches (34ms)
			SetupLoadedEditorAssemblies (252ms)
				LogAssemblyErrors (0ms)
				InitializePlatformSupportModulesInManaged (5ms)
				SetLoadedEditorAssemblies (0ms)
				RefreshPlugins (1ms)
				BeforeProcessingInitializeOnLoad (39ms)
				ProcessInitializeOnLoadAttributes (122ms)
				ProcessInitializeOnLoadMethodAttributes (84ms)
				AfterProcessingInitializeOnLoad (1ms)
				EditorAssembliesLoaded (0ms)
			ExecutionOrderSort2 (0ms)
			AwakeInstancesAfterBackupRestoration (3ms)
Platform modules already initialized, skipping
Refreshing native plugins compatible for Editor in 1.80 ms, found 3 plugins.
Plugins: Couldn't open /Users/phoenixperry/wkspaces/bot_party_unity_game/Assets/AudioHelm/Plugins/AudioPluginHelm.bundle/Contents/MacOS/AudioPluginHelm, error: dlopen(/Users/phoenixperry/wkspaces/bot_party_unity_game/Assets/AudioHelm/Plugins/AudioPluginHelm.bundle/Contents/MacOS/AudioPluginHelm, 0x0002): tried: '/Users/phoenixperry/wkspaces/bot_party_unity_game/Assets/AudioHelm/Plugins/AudioPluginHelm.bundle/Contents/MacOS/AudioPluginHelm' (mach-o file, but is an incompatible architecture (have (x86_64), need (arm64e)))
Preloading 1 native plugins for Editor in 0.17 ms.
Unloading 3835 Unused Serialized files (Serialized files now loaded: 0)
Unloading 61 unused Assets / (23.0 KB). Loaded Objects now: 4273.
Memory consumption went from 232.9 MB to 232.9 MB.
Total: 4.658083 ms (FindLiveObjects: 0.135584 ms CreateObjectMapping: 0.047166 ms MarkObjects: 4.450292 ms  DeleteObjects: 0.024375 ms)

AssetImportParameters requested are different than current active one (requested -> active):
  custom:video-decoder-ogg-theora: a1e56fd34408186e4bbccfd4996cb3dc -> 
  custom:container-muxer-webm: aa71ff27fc2769a1b78a27578f13a17b -> 
  custom:container-demuxer-webm: 4f35f7cbe854078d1ac9338744f61a02 -> 
  custom:video-encoder-webm-vp8: eb34c28f22e8b96e1ab97ce403110664 -> 
  custom:framework-osx-AVFoundation: e770b220cccbd017edd2c1fefb359320 -> 
  custom:audio-encoder-webm-vorbis: bf7c407c2cedff20999df2af8eb42d56 -> 
  custom:container-demuxer-ogg: 62fdf1f143b41e24485cea50d1cbac27 -> 
  custom:video-decoder-webm-vp8: 9c59270c3fd7afecdb556c50c9e8de78 -> 
  custom:audio-decoder-ogg-vorbis: bf7c407c2cedff20999df2af8eb42d56 -> 
========================================================================
Received Prepare
Registering precompiled user dll's ...
Registered in 0.001099 seconds.
Begin MonoManager ReloadAssembly
Thread 0x16f337000 may have been prematurely finalized
Symbol file LoadedFromMemory doesn't match image /Users/phoenixperry/wkspaces/bot_party_unity_game/Library/PackageCache/com.unity.visualscripting@1.7.6/Editor/VisualScripting.Core/Dependencies/DotNetZip/Unity.VisualScripting.IonicZip.dll
Symbol file LoadedFromMemory doesn't match image /Users/phoenixperry/wkspaces/bot_party_unity_game/Library/PackageCache/com.unity.visualscripting@1.7.6/Editor/VisualScripting.Core/Dependencies/YamlDotNet/Unity.VisualScripting.YamlDotNet.dll
Symbol file LoadedFromMemory is not a mono symbol file
Native extension for OSXStandalone target not found
Refreshing native plugins compatible for Editor in 0.59 ms, found 3 plugins.
Plugins: Couldn't open /Users/phoenixperry/wkspaces/bot_party_unity_game/Assets/AudioHelm/Plugins/AudioPluginHelm.bundle/Contents/MacOS/AudioPluginHelm, error: dlopen(/Users/phoenixperry/wkspaces/bot_party_unity_game/Assets/AudioHelm/Plugins/AudioPluginHelm.bundle/Contents/MacOS/AudioPluginHelm, 0x0002): tried: '/Users/phoenixperry/wkspaces/bot_party_unity_game/Assets/AudioHelm/Plugins/AudioPluginHelm.bundle/Contents/MacOS/AudioPluginHelm' (mach-o file, but is an incompatible architecture (have (x86_64), need (arm64e)))
Preloading 1 native plugins for Editor in 0.21 ms.
Mono: successfully reloaded assembly
- Completed reload, in  0.688 seconds
Domain Reload Profiling:
	ReloadAssembly (688ms)
		BeginReloadAssembly (82ms)
			ExecutionOrderSort (0ms)
			DisableScriptedObjects (5ms)
			BackupInstance (0ms)
			ReleaseScriptingObjects (0ms)
			CreateAndSetChildDomain (35ms)
		EndReloadAssembly (537ms)
			LoadAssemblies (31ms)
			RebuildTransferFunctionScriptingTraits (0ms)
			SetupTypeCache (181ms)
			ReleaseScriptCaches (1ms)
			RebuildScriptCaches (35ms)
			SetupLoadedEditorAssemblies (252ms)
				LogAssemblyErrors (0ms)
				InitializePlatformSupportModulesInManaged (5ms)
				SetLoadedEditorAssemblies (0ms)
				RefreshPlugins (1ms)
				BeforeProcessingInitializeOnLoad (39ms)
				ProcessInitializeOnLoadAttributes (122ms)
				ProcessInitializeOnLoadMethodAttributes (84ms)
				AfterProcessingInitializeOnLoad (1ms)
				EditorAssembliesLoaded (0ms)
			ExecutionOrderSort2 (0ms)
			AwakeInstancesAfterBackupRestoration (3ms)
Platform modules already initialized, skipping
Refreshing native plugins compatible for Editor in 1.81 ms, found 3 plugins.
Plugins: Couldn't open /Users/phoenixperry/wkspaces/bot_party_unity_game/Assets/AudioHelm/Plugins/AudioPluginHelm.bundle/Contents/MacOS/AudioPluginHelm, error: dlopen(/Users/phoenixperry/wkspaces/bot_party_unity_game/Assets/AudioHelm/Plugins/AudioPluginHelm.bundle/Contents/MacOS/AudioPluginHelm, 0x0002): tried: '/Users/phoenixperry/wkspaces/bot_party_unity_game/Assets/AudioHelm/Plugins/AudioPluginHelm.bundle/Contents/MacOS/AudioPluginHelm' (mach-o file, but is an incompatible architecture (have (x86_64), need (arm64e)))
Preloading 1 native plugins for Editor in 0.17 ms.
Unloading 3835 Unused Serialized files (Serialized files now loaded: 0)
Unloading 61 unused Assets / (23.0 KB). Loaded Objects now: 4276.
Memory consumption went from 233.1 MB to 233.1 MB.
Total: 4.650334 ms (FindLiveObjects: 0.120041 ms CreateObjectMapping: 0.046250 ms MarkObjects: 4.449750 ms  DeleteObjects: 0.033625 ms)

AssetImportParameters requested are different than current active one (requested -> active):
  custom:video-decoder-ogg-theora: a1e56fd34408186e4bbccfd4996cb3dc -> 
  custom:container-muxer-webm: aa71ff27fc2769a1b78a27578f13a17b -> 
  custom:container-demuxer-webm: 4f35f7cbe854078d1ac9338744f61a02 -> 
  custom:video-encoder-webm-vp8: eb34c28f22e8b96e1ab97ce403110664 -> 
  custom:framework-osx-AVFoundation: e770b220cccbd017edd2c1fefb359320 -> 
  custom:audio-encoder-webm-vorbis: bf7c407c2cedff20999df2af8eb42d56 -> 
  custom:container-demuxer-ogg: 62fdf1f143b41e24485cea50d1cbac27 -> 
  custom:video-decoder-webm-vp8: 9c59270c3fd7afecdb556c50c9e8de78 -> 
  custom:audio-decoder-ogg-vorbis: bf7c407c2cedff20999df2af8eb42d56 -> 
========================================================================
Received Import Request.
  Time since last request: 263.095756 seconds.
  path: Assets/scripts/BaseBehavior/KeyboardReader.cs
  artifactKey: Guid(634199d314699914db94365e9b8bcb2d) Importer(815301076,1909f56bfc062723c751e8b465ee728b)
Start importing Assets/scripts/BaseBehavior/KeyboardReader.cs using Guid(634199d314699914db94365e9b8bcb2d) Importer(815301076,1909f56bfc062723c751e8b465ee728b)  -> (artifact id: '1afde60d1fa61eee2b28a24faf91abf0') in 0.273867 seconds 
AssetImportWorkerClient::OnTransportError - code=2 error=End of file
